
  .   ____          _            __ _ _
 /\\ / ___'_ __ _ _(_)_ __  __ _ \ \ \ \
( ( )\___ | '_ | '_| | '_ \/ _` | \ \ \ \
 \\/  ___)| |_)| | | | | || (_| |  ) ) ) )
  '  |____| .__|_| |_|_| |_\__, | / / / /
 =========|_|==============|___/=/_/_/_/
 :: Spring Boot ::                (v2.7.9)

2023-03-15 16:06:37.123  INFO 155504 --- [           main] c.n.profiling.ProfilingApplication       : Starting ProfilingApplication v0.0.1-SNAPSHOT using Java 11.0.18 on luatnq-ncs with PID 155504 (/home/luatnq/workspace/ncs/profiling/release/profiling-0.0.1-SNAPSHOT.jar started by luatnq in /home/luatnq/workspace/ncs/profiling/release)
2023-03-15 16:06:37.125  INFO 155504 --- [           main] c.n.profiling.ProfilingApplication       : The following 2 profiles are active: "dev", "dev-local"
2023-03-15 16:06:37.647  INFO 155504 --- [           main] .s.d.r.c.RepositoryConfigurationDelegate : Bootstrapping Spring Data JPA repositories in DEFAULT mode.
2023-03-15 16:06:37.672  INFO 155504 --- [           main] .s.d.r.c.RepositoryConfigurationDelegate : Finished Spring Data repository scanning in 13 ms. Found 0 JPA repository interfaces.
2023-03-15 16:06:39.264  INFO 155504 --- [           main] o.s.b.w.embedded.tomcat.TomcatWebServer  : Tomcat initialized with port(s): 8081 (http)
2023-03-15 16:06:39.280  INFO 155504 --- [           main] o.apache.catalina.core.StandardService   : Starting service [Tomcat]
2023-03-15 16:06:39.281  INFO 155504 --- [           main] org.apache.catalina.core.StandardEngine  : Starting Servlet engine: [Apache Tomcat/9.0.71]
2023-03-15 16:06:39.387  INFO 155504 --- [           main] o.a.c.c.C.[Tomcat].[localhost].[/]       : Initializing Spring embedded WebApplicationContext
2023-03-15 16:06:39.387  INFO 155504 --- [           main] w.s.c.ServletWebServerApplicationContext : Root WebApplicationContext: initialization completed in 2229 ms
2023-03-15 16:06:39.628  INFO 155504 --- [           main] com.zaxxer.hikari.HikariDataSource       : HikariPool-1 - Starting...
2023-03-15 16:06:39.857  INFO 155504 --- [           main] com.zaxxer.hikari.HikariDataSource       : HikariPool-1 - Start completed.
2023-03-15 16:06:40.081  INFO 155504 --- [           main] liquibase.lockservice                    : Successfully acquired change log lock
2023-03-15 16:06:40.329  INFO 155504 --- [           main] liquibase.changelog                      : Reading from `database`.DATABASECHANGELOG
2023-03-15 16:06:40.409  INFO 155504 --- [           main] liquibase.lockservice                    : Successfully released change log lock
2023-03-15 16:06:40.468  INFO 155504 --- [           main] o.hibernate.jpa.internal.util.LogHelper  : HHH000204: Processing PersistenceUnitInfo [name: default]
2023-03-15 16:06:40.517  INFO 155504 --- [           main] org.hibernate.Version                    : HHH000412: Hibernate ORM core version 5.6.15.Final
2023-03-15 16:06:40.610  INFO 155504 --- [           main] o.hibernate.annotations.common.Version   : HCANN000001: Hibernate Commons Annotations {5.1.2.Final}
2023-03-15 16:06:40.685  INFO 155504 --- [           main] org.hibernate.dialect.Dialect            : HHH000400: Using dialect: org.hibernate.dialect.MySQL8Dialect
2023-03-15 16:06:40.792  INFO 155504 --- [           main] o.h.e.t.j.p.i.JtaPlatformInitiator       : HHH000490: Using JtaPlatform implementation: [org.hibernate.engine.transaction.jta.platform.internal.NoJtaPlatform]
2023-03-15 16:06:40.799  INFO 155504 --- [           main] j.LocalContainerEntityManagerFactoryBean : Initialized JPA EntityManagerFactory for persistence unit 'default'
2023-03-15 16:06:40.851  WARN 155504 --- [           main] .s.s.UserDetailsServiceAutoConfiguration : 

Using generated security password: 93979015-287f-4ddd-b64e-ea921047436b

This generated password is for development use only. Your security configuration must be updated before running your application in production.

2023-03-15 16:06:40.924  INFO 155504 --- [           main] o.s.s.web.DefaultSecurityFilterChain     : Will secure any request with [org.springframework.security.web.session.DisableEncodeUrlFilter@279ab15e, org.springframework.security.web.context.request.async.WebAsyncManagerIntegrationFilter@571c2ed8, org.springframework.security.web.context.SecurityContextPersistenceFilter@615e7fe7, org.springframework.security.web.header.HeaderWriterFilter@4bab804f, org.springframework.security.web.authentication.logout.LogoutFilter@10ec4721, com.ncsgroup.profiling.filter.JwtAuthenticationFilter@2dbfcf7, org.springframework.security.web.savedrequest.RequestCacheAwareFilter@403cff1c, org.springframework.security.web.servletapi.SecurityContextHolderAwareRequestFilter@56976b8b, org.springframework.security.web.authentication.AnonymousAuthenticationFilter@5810772a, org.springframework.security.web.session.SessionManagementFilter@1c5d376c, org.springframework.security.web.access.ExceptionTranslationFilter@36885319, org.springframework.security.web.access.intercept.AuthorizationFilter@11e3d08]
2023-03-15 16:06:40.972  WARN 155504 --- [           main] JpaBaseConfiguration$JpaWebConfiguration : spring.jpa.open-in-view is enabled by default. Therefore, database queries may be performed during view rendering. Explicitly configure spring.jpa.open-in-view to disable this warning
2023-03-15 16:06:41.246  INFO 155504 --- [           main] o.s.b.w.embedded.tomcat.TomcatWebServer  : Tomcat started on port(s): 8081 (http) with context path ''
2023-03-15 16:06:41.253  INFO 155504 --- [           main] c.n.profiling.ProfilingApplication       : Started ProfilingApplication in 4.446 seconds (JVM running for 4.69)
2023-03-15 16:06:54.317  INFO 155504 --- [nio-8081-exec-1] o.a.c.c.C.[Tomcat].[localhost].[/]       : Initializing Spring DispatcherServlet 'dispatcherServlet'
2023-03-15 16:06:54.317  INFO 155504 --- [nio-8081-exec-1] o.s.web.servlet.DispatcherServlet        : Initializing Servlet 'dispatcherServlet'
2023-03-15 16:06:54.320  INFO 155504 --- [nio-8081-exec-1] o.s.web.servlet.DispatcherServlet        : Completed initialization in 2 ms
2023-03-15 16:08:16.281  INFO 155504 --- [ionShutdownHook] j.LocalContainerEntityManagerFactoryBean : Closing JPA EntityManagerFactory for persistence unit 'default'
2023-03-15 16:08:16.282  INFO 155504 --- [ionShutdownHook] com.zaxxer.hikari.HikariDataSource       : HikariPool-1 - Shutdown initiated...
2023-03-15 16:08:16.288  INFO 155504 --- [ionShutdownHook] com.zaxxer.hikari.HikariDataSource       : HikariPool-1 - Shutdown completed.
